<?xml version="1.0" encoding="UTF-8"?>
<testsuite xmlns:xsi="http://www.w3.org/2001/XMLSchema-instance" xsi:noNamespaceSchemaLocation="https://maven.apache.org/surefire/maven-surefire-plugin/xsd/surefire-test-report-3.0.xsd" version="3.0" name="org.agoncal.quarkus.starting.BookResourceTest" time="5.546" tests="3" errors="0" skipped="0" failures="1">
  <properties>
    <property name="sun.desktop" value="windows"/>
    <property name="awt.toolkit" value="sun.awt.windows.WToolkit"/>
    <property name="java.specification.version" value="11"/>
    <property name="sun.cpu.isalist" value="amd64"/>
    <property name="test.url" value="http://localhost:8081"/>
    <property name="sun.jnu.encoding" value="Cp1252"/>
    <property name="java.class.path" value="C:\Users\Sarah\Documents\projects\rest-book\target\test-classes;C:\Users\Sarah\Documents\projects\rest-book\target\classes;C:\Users\Sarah\.m2\repository\io\quarkus\quarkus-resteasy-jsonb\2.12.1.Final\quarkus-resteasy-jsonb-2.12.1.Final.jar;C:\Users\Sarah\.m2\repository\io\quarkus\quarkus-jsonb\2.12.1.Final\quarkus-jsonb-2.12.1.Final.jar;C:\Users\Sarah\.m2\repository\org\eclipse\yasson\1.0.11\yasson-1.0.11.jar;C:\Users\Sarah\.m2\repository\io\quarkus\quarkus-jsonp\2.12.1.Final\quarkus-jsonp-2.12.1.Final.jar;C:\Users\Sarah\.m2\repository\org\glassfish\jakarta.json\1.1.6\jakarta.json-1.1.6.jar;C:\Users\Sarah\.m2\repository\org\jboss\resteasy\resteasy-json-binding-provider\4.7.7.Final\resteasy-json-binding-provider-4.7.7.Final.jar;C:\Users\Sarah\.m2\repository\jakarta\json\bind\jakarta.json.bind-api\1.0.2\jakarta.json.bind-api-1.0.2.jar;C:\Users\Sarah\.m2\repository\org\jboss\logging\jboss-logging\3.5.0.Final\jboss-logging-3.5.0.Final.jar;C:\Users\Sarah\.m2\repository\org\jboss\resteasy\resteasy-json-p-provider\4.7.7.Final\resteasy-json-p-provider-4.7.7.Final.jar;C:\Users\Sarah\.m2\repository\commons-io\commons-io\2.11.0\commons-io-2.11.0.jar;C:\Users\Sarah\.m2\repository\io\quarkus\quarkus-arc\2.12.1.Final\quarkus-arc-2.12.1.Final.jar;C:\Users\Sarah\.m2\repository\io\quarkus\arc\arc\2.12.1.Final\arc-2.12.1.Final.jar;C:\Users\Sarah\.m2\repository\jakarta\enterprise\jakarta.enterprise.cdi-api\2.0.2\jakarta.enterprise.cdi-api-2.0.2.jar;C:\Users\Sarah\.m2\repository\jakarta\el\jakarta.el-api\3.0.3\jakarta.el-api-3.0.3.jar;C:\Users\Sarah\.m2\repository\jakarta\interceptor\jakarta.interceptor-api\1.2.5\jakarta.interceptor-api-1.2.5.jar;C:\Users\Sarah\.m2\repository\jakarta\annotation\jakarta.annotation-api\1.3.5\jakarta.annotation-api-1.3.5.jar;C:\Users\Sarah\.m2\repository\jakarta\transaction\jakarta.transaction-api\1.3.3\jakarta.transaction-api-1.3.3.jar;C:\Users\Sarah\.m2\repository\io\quarkus\quarkus-core\2.12.1.Final\quarkus-core-2.12.1.Final.jar;C:\Users\Sarah\.m2\repository\jakarta\inject\jakarta.inject-api\1.0\jakarta.inject-api-1.0.jar;C:\Users\Sarah\.m2\repository\io\quarkus\quarkus-ide-launcher\2.12.1.Final\quarkus-ide-launcher-2.12.1.Final.jar;C:\Users\Sarah\.m2\repository\io\quarkus\quarkus-development-mode-spi\2.12.1.Final\quarkus-development-mode-spi-2.12.1.Final.jar;C:\Users\Sarah\.m2\repository\io\smallrye\config\smallrye-config\2.12.0\smallrye-config-2.12.0.jar;C:\Users\Sarah\.m2\repository\io\smallrye\config\smallrye-config-core\2.12.0\smallrye-config-core-2.12.0.jar;C:\Users\Sarah\.m2\repository\org\eclipse\microprofile\config\microprofile-config-api\2.0.1\microprofile-config-api-2.0.1.jar;C:\Users\Sarah\.m2\repository\io\smallrye\common\smallrye-common-expression\1.13.0\smallrye-common-expression-1.13.0.jar;C:\Users\Sarah\.m2\repository\io\smallrye\common\smallrye-common-function\1.13.0\smallrye-common-function-1.13.0.jar;C:\Users\Sarah\.m2\repository\io\smallrye\common\smallrye-common-classloader\1.13.0\smallrye-common-classloader-1.13.0.jar;C:\Users\Sarah\.m2\repository\io\smallrye\config\smallrye-config-common\2.12.0\smallrye-config-common-2.12.0.jar;C:\Users\Sarah\.m2\repository\org\jboss\logmanager\jboss-logmanager-embedded\1.0.10\jboss-logmanager-embedded-1.0.10.jar;C:\Users\Sarah\.m2\repository\org\jboss\logging\jboss-logging-annotations\2.2.1.Final\jboss-logging-annotations-2.2.1.Final.jar;C:\Users\Sarah\.m2\repository\org\jboss\threads\jboss-threads\3.4.2.Final\jboss-threads-3.4.2.Final.jar;C:\Users\Sarah\.m2\repository\org\slf4j\slf4j-api\1.7.36\slf4j-api-1.7.36.jar;C:\Users\Sarah\.m2\repository\org\jboss\slf4j\slf4j-jboss-logmanager\1.1.0.Final\slf4j-jboss-logmanager-1.1.0.Final.jar;C:\Users\Sarah\.m2\repository\org\graalvm\sdk\graal-sdk\22.2.0\graal-sdk-22.2.0.jar;C:\Users\Sarah\.m2\repository\org\wildfly\common\wildfly-common\1.5.4.Final-format-001\wildfly-common-1.5.4.Final-format-001.jar;C:\Users\Sarah\.m2\repository\io\quarkus\quarkus-bootstrap-runner\2.12.1.Final\quarkus-bootstrap-runner-2.12.1.Final.jar;C:\Users\Sarah\.m2\repository\io\quarkus\quarkus-fs-util\0.0.9\quarkus-fs-util-0.0.9.jar;C:\Users\Sarah\.m2\repository\org\eclipse\microprofile\context-propagation\microprofile-context-propagation-api\1.2\microprofile-context-propagation-api-1.2.jar;C:\Users\Sarah\.m2\repository\io\quarkus\quarkus-resteasy\2.12.1.Final\quarkus-resteasy-2.12.1.Final.jar;C:\Users\Sarah\.m2\repository\io\quarkus\quarkus-vertx-http\2.12.1.Final\quarkus-vertx-http-2.12.1.Final.jar;C:\Users\Sarah\.m2\repository\io\quarkus\quarkus-security-runtime-spi\2.12.1.Final\quarkus-security-runtime-spi-2.12.1.Final.jar;C:\Users\Sarah\.m2\repository\io\quarkus\quarkus-credentials\2.12.1.Final\quarkus-credentials-2.12.1.Final.jar;C:\Users\Sarah\.m2\repository\io\quarkus\quarkus-mutiny\2.12.1.Final\quarkus-mutiny-2.12.1.Final.jar;C:\Users\Sarah\.m2\repository\io\smallrye\reactive\mutiny\1.7.0\mutiny-1.7.0.jar;C:\Users\Sarah\.m2\repository\org\reactivestreams\reactive-streams\1.0.3\reactive-streams-1.0.3.jar;C:\Users\Sarah\.m2\repository\io\quarkus\quarkus-smallrye-context-propagation\2.12.1.Final\quarkus-smallrye-context-propagation-2.12.1.Final.jar;C:\Users\Sarah\.m2\repository\io\smallrye\smallrye-context-propagation\1.2.2\smallrye-context-propagation-1.2.2.jar;C:\Users\Sarah\.m2\repository\io\smallrye\smallrye-context-propagation-api\1.2.2\smallrye-context-propagation-api-1.2.2.jar;C:\Users\Sarah\.m2\repository\io\smallrye\smallrye-context-propagation-storage\1.2.2\smallrye-context-propagation-storage-1.2.2.jar;C:\Users\Sarah\.m2\repository\io\smallrye\reactive\mutiny-smallrye-context-propagation\1.7.0\mutiny-smallrye-context-propagation-1.7.0.jar;C:\Users\Sarah\.m2\repository\io\smallrye\common\smallrye-common-vertx-context\1.13.0\smallrye-common-vertx-context-1.13.0.jar;C:\Users\Sarah\.m2\repository\io\vertx\vertx-core\4.3.2\vertx-core-4.3.2.jar;C:\Users\Sarah\.m2\repository\io\netty\netty-common\4.1.79.Final\netty-common-4.1.79.Final.jar;C:\Users\Sarah\.m2\repository\io\netty\netty-buffer\4.1.79.Final\netty-buffer-4.1.79.Final.jar;C:\Users\Sarah\.m2\repository\io\netty\netty-transport\4.1.79.Final\netty-transport-4.1.79.Final.jar;C:\Users\Sarah\.m2\repository\io\netty\netty-handler\4.1.79.Final\netty-handler-4.1.79.Final.jar;C:\Users\Sarah\.m2\repository\io\netty\netty-transport-native-unix-common\4.1.79.Final\netty-transport-native-unix-common-4.1.79.Final.jar;C:\Users\Sarah\.m2\repository\io\netty\netty-handler-proxy\4.1.79.Final\netty-handler-proxy-4.1.79.Final.jar;C:\Users\Sarah\.m2\repository\io\netty\netty-codec-socks\4.1.79.Final\netty-codec-socks-4.1.79.Final.jar;C:\Users\Sarah\.m2\repository\io\netty\netty-codec-http\4.1.79.Final\netty-codec-http-4.1.79.Final.jar;C:\Users\Sarah\.m2\repository\io\netty\netty-codec-http2\4.1.79.Final\netty-codec-http2-4.1.79.Final.jar;C:\Users\Sarah\.m2\repository\io\netty\netty-resolver\4.1.79.Final\netty-resolver-4.1.79.Final.jar;C:\Users\Sarah\.m2\repository\io\netty\netty-resolver-dns\4.1.79.Final\netty-resolver-dns-4.1.79.Final.jar;C:\Users\Sarah\.m2\repository\io\netty\netty-codec-dns\4.1.79.Final\netty-codec-dns-4.1.79.Final.jar;C:\Users\Sarah\.m2\repository\com\fasterxml\jackson\core\jackson-core\2.13.3\jackson-core-2.13.3.jar;C:\Users\Sarah\.m2\repository\io\smallrye\common\smallrye-common-constraint\1.13.0\smallrye-common-constraint-1.13.0.jar;C:\Users\Sarah\.m2\repository\io\quarkus\quarkus-vertx-http-dev-console-runtime-spi\2.12.1.Final\quarkus-vertx-http-dev-console-runtime-spi-2.12.1.Final.jar;C:\Users\Sarah\.m2\repository\io\quarkus\security\quarkus-security\1.1.4.Final\quarkus-security-1.1.4.Final.jar;C:\Users\Sarah\.m2\repository\io\quarkus\quarkus-vertx\2.12.1.Final\quarkus-vertx-2.12.1.Final.jar;C:\Users\Sarah\.m2\repository\io\quarkus\quarkus-netty\2.12.1.Final\quarkus-netty-2.12.1.Final.jar;C:\Users\Sarah\.m2\repository\io\netty\netty-codec\4.1.79.Final\netty-codec-4.1.79.Final.jar;C:\Users\Sarah\.m2\repository\com\aayushatharva\brotli4j\brotli4j\1.7.1\brotli4j-1.7.1.jar;C:\Users\Sarah\.m2\repository\com\aayushatharva\brotli4j\native-windows-x86_64\1.7.1\native-windows-x86_64-1.7.1.jar;C:\Users\Sarah\.m2\repository\io\netty\netty-codec-haproxy\4.1.79.Final\netty-codec-haproxy-4.1.79.Final.jar;C:\Users\Sarah\.m2\repository\io\smallrye\common\smallrye-common-annotation\1.13.0\smallrye-common-annotation-1.13.0.jar;C:\Users\Sarah\.m2\repository\io\quarkus\quarkus-vertx-latebound-mdc-provider\2.12.1.Final\quarkus-vertx-latebound-mdc-provider-2.12.1.Final.jar;C:\Users\Sarah\.m2\repository\io\smallrye\reactive\smallrye-mutiny-vertx-core\2.25.0\smallrye-mutiny-vertx-core-2.25.0.jar;C:\Users\Sarah\.m2\repository\io\smallrye\reactive\smallrye-mutiny-vertx-runtime\2.25.0\smallrye-mutiny-vertx-runtime-2.25.0.jar;C:\Users\Sarah\.m2\repository\io\smallrye\reactive\vertx-mutiny-generator\2.25.0\vertx-mutiny-generator-2.25.0.jar;C:\Users\Sarah\.m2\repository\io\vertx\vertx-codegen\4.3.2\vertx-codegen-4.3.2.jar;C:\Users\Sarah\.m2\repository\io\smallrye\smallrye-fault-tolerance-vertx\5.5.0\smallrye-fault-tolerance-vertx-5.5.0.jar;C:\Users\Sarah\.m2\repository\io\smallrye\reactive\smallrye-mutiny-vertx-web\2.25.0\smallrye-mutiny-vertx-web-2.25.0.jar;C:\Users\Sarah\.m2\repository\io\smallrye\reactive\smallrye-mutiny-vertx-web-common\2.25.0\smallrye-mutiny-vertx-web-common-2.25.0.jar;C:\Users\Sarah\.m2\repository\io\smallrye\reactive\smallrye-mutiny-vertx-auth-common\2.25.0\smallrye-mutiny-vertx-auth-common-2.25.0.jar;C:\Users\Sarah\.m2\repository\io\smallrye\reactive\smallrye-mutiny-vertx-bridge-common\2.25.0\smallrye-mutiny-vertx-bridge-common-2.25.0.jar;C:\Users\Sarah\.m2\repository\io\smallrye\reactive\smallrye-mutiny-vertx-uri-template\2.25.0\smallrye-mutiny-vertx-uri-template-2.25.0.jar;C:\Users\Sarah\.m2\repository\io\vertx\vertx-uri-template\4.3.2\vertx-uri-template-4.3.2.jar;C:\Users\Sarah\.m2\repository\io\vertx\vertx-web\4.3.2\vertx-web-4.3.2.jar;C:\Users\Sarah\.m2\repository\io\vertx\vertx-web-common\4.3.2\vertx-web-common-4.3.2.jar;C:\Users\Sarah\.m2\repository\io\vertx\vertx-auth-common\4.3.2\vertx-auth-common-4.3.2.jar;C:\Users\Sarah\.m2\repository\io\vertx\vertx-bridge-common\4.3.2\vertx-bridge-common-4.3.2.jar;C:\Users\Sarah\.m2\repository\io\github\crac\org-crac\0.1.1\org-crac-0.1.1.jar;C:\Users\Sarah\.m2\repository\io\quarkus\quarkus-resteasy-server-common\2.12.1.Final\quarkus-resteasy-server-common-2.12.1.Final.jar;C:\Users\Sarah\.m2\repository\io\quarkus\quarkus-resteasy-common\2.12.1.Final\quarkus-resteasy-common-2.12.1.Final.jar;C:\Users\Sarah\.m2\repository\org\jboss\resteasy\resteasy-core\4.7.7.Final\resteasy-core-4.7.7.Final.jar;C:\Users\Sarah\.m2\repository\org\jboss\spec\javax\ws\rs\jboss-jaxrs-api_2.1_spec\2.0.1.Final\jboss-jaxrs-api_2.1_spec-2.0.1.Final.jar;C:\Users\Sarah\.m2\repository\org\jboss\spec\javax\xml\bind\jboss-jaxb-api_2.3_spec\2.0.0.Final\jboss-jaxb-api_2.3_spec-2.0.0.Final.jar;C:\Users\Sarah\.m2\repository\org\jboss\resteasy\resteasy-core-spi\4.7.7.Final\resteasy-core-spi-4.7.7.Final.jar;C:\Users\Sarah\.m2\repository\com\ibm\async\asyncutil\0.1.0\asyncutil-0.1.0.jar;C:\Users\Sarah\.m2\repository\com\sun\activation\jakarta.activation\1.2.1\jakarta.activation-1.2.1.jar;C:\Users\Sarah\.m2\repository\jakarta\validation\jakarta.validation-api\2.0.2\jakarta.validation-api-2.0.2.jar;C:\Users\Sarah\.m2\repository\io\quarkus\quarkus-junit5\2.12.1.Final\quarkus-junit5-2.12.1.Final.jar;C:\Users\Sarah\.m2\repository\io\quarkus\quarkus-bootstrap-core\2.12.1.Final\quarkus-bootstrap-core-2.12.1.Final.jar;C:\Users\Sarah\.m2\repository\io\quarkus\quarkus-bootstrap-app-model\2.12.1.Final\quarkus-bootstrap-app-model-2.12.1.Final.jar;C:\Users\Sarah\.m2\repository\io\quarkus\quarkus-bootstrap-maven-resolver\2.12.1.Final\quarkus-bootstrap-maven-resolver-2.12.1.Final.jar;C:\Users\Sarah\.m2\repository\org\apache\maven\maven-embedder\3.8.6\maven-embedder-3.8.6.jar;C:\Users\Sarah\.m2\repository\org\apache\maven\maven-settings\3.8.6\maven-settings-3.8.6.jar;C:\Users\Sarah\.m2\repository\org\apache\maven\maven-core\3.8.6\maven-core-3.8.6.jar;C:\Users\Sarah\.m2\repository\org\apache\maven\maven-artifact\3.8.6\maven-artifact-3.8.6.jar;C:\Users\Sarah\.m2\repository\org\codehaus\plexus\plexus-component-annotations\2.1.0\plexus-component-annotations-2.1.0.jar;C:\Users\Sarah\.m2\repository\org\apache\maven\maven-plugin-api\3.8.6\maven-plugin-api-3.8.6.jar;C:\Users\Sarah\.m2\repository\org\apache\maven\maven-model\3.8.6\maven-model-3.8.6.jar;C:\Users\Sarah\.m2\repository\org\apache\maven\maven-model-builder\3.8.6\maven-model-builder-3.8.6.jar;C:\Users\Sarah\.m2\repository\org\apache\maven\maven-builder-support\3.8.6\maven-builder-support-3.8.6.jar;C:\Users\Sarah\.m2\repository\org\apache\maven\resolver\maven-resolver-api\1.6.3\maven-resolver-api-1.6.3.jar;C:\Users\Sarah\.m2\repository\org\apache\maven\resolver\maven-resolver-util\1.6.3\maven-resolver-util-1.6.3.jar;C:\Users\Sarah\.m2\repository\org\apache\maven\shared\maven-shared-utils\3.3.4\maven-shared-utils-3.3.4.jar;C:\Users\Sarah\.m2\repository\com\google\inject\guice\4.2.2\guice-4.2.2-no_aop.jar;C:\Users\Sarah\.m2\repository\com\google\guava\guava\31.1-jre\guava-31.1-jre.jar;C:\Users\Sarah\.m2\repository\com\google\guava\failureaccess\1.0.1\failureaccess-1.0.1.jar;C:\Users\Sarah\.m2\repository\org\codehaus\plexus\plexus-classworlds\2.6.0\plexus-classworlds-2.6.0.jar;C:\Users\Sarah\.m2\repository\org\codehaus\plexus\plexus-sec-dispatcher\2.0\plexus-sec-dispatcher-2.0.jar;C:\Users\Sarah\.m2\repository\org\codehaus\plexus\plexus-cipher\2.0\plexus-cipher-2.0.jar;C:\Users\Sarah\.m2\repository\commons-cli\commons-cli\1.4\commons-cli-1.4.jar;C:\Users\Sarah\.m2\repository\org\eclipse\sisu\org.eclipse.sisu.plexus\0.3.5\org.eclipse.sisu.plexus-0.3.5.jar;C:\Users\Sarah\.m2\repository\org\apache\maven\maven-settings-builder\3.8.6\maven-settings-builder-3.8.6.jar;C:\Users\Sarah\.m2\repository\org\codehaus\plexus\plexus-interpolation\1.26\plexus-interpolation-1.26.jar;C:\Users\Sarah\.m2\repository\org\apache\maven\maven-resolver-provider\3.8.6\maven-resolver-provider-3.8.6.jar;C:\Users\Sarah\.m2\repository\org\apache\maven\maven-repository-metadata\3.8.6\maven-repository-metadata-3.8.6.jar;C:\Users\Sarah\.m2\repository\org\apache\maven\resolver\maven-resolver-spi\1.6.3\maven-resolver-spi-1.6.3.jar;C:\Users\Sarah\.m2\repository\org\apache\maven\resolver\maven-resolver-impl\1.6.3\maven-resolver-impl-1.6.3.jar;C:\Users\Sarah\.m2\repository\org\codehaus\plexus\plexus-utils\3.3.0\plexus-utils-3.3.0.jar;C:\Users\Sarah\.m2\repository\org\apache\maven\resolver\maven-resolver-connector-basic\1.6.3\maven-resolver-connector-basic-1.6.3.jar;C:\Users\Sarah\.m2\repository\org\apache\maven\resolver\maven-resolver-transport-wagon\1.6.3\maven-resolver-transport-wagon-1.6.3.jar;C:\Users\Sarah\.m2\repository\org\apache\maven\wagon\wagon-http\3.5.1\wagon-http-3.5.1.jar;C:\Users\Sarah\.m2\repository\org\apache\maven\wagon\wagon-http-shared\3.5.1\wagon-http-shared-3.5.1.jar;C:\Users\Sarah\.m2\repository\org\apache\maven\wagon\wagon-provider-api\3.5.1\wagon-provider-api-3.5.1.jar;C:\Users\Sarah\.m2\repository\org\apache\maven\wagon\wagon-file\3.5.1\wagon-file-3.5.1.jar;C:\Users\Sarah\.m2\repository\io\quarkus\quarkus-bootstrap-gradle-resolver\2.12.1.Final\quarkus-bootstrap-gradle-resolver-2.12.1.Final.jar;C:\Users\Sarah\.m2\repository\io\smallrye\common\smallrye-common-io\1.13.0\smallrye-common-io-1.13.0.jar;C:\Users\Sarah\.m2\repository\org\eclipse\sisu\org.eclipse.sisu.inject\0.3.5\org.eclipse.sisu.inject-0.3.5.jar;C:\Users\Sarah\.m2\repository\io\quarkus\quarkus-test-common\2.12.1.Final\quarkus-test-common-2.12.1.Final.jar;C:\Users\Sarah\.m2\repository\io\quarkus\quarkus-core-deployment\2.12.1.Final\quarkus-core-deployment-2.12.1.Final.jar;C:\Users\Sarah\.m2\repository\org\aesh\readline\2.2\readline-2.2.jar;C:\Users\Sarah\.m2\repository\org\fusesource\jansi\jansi\1.18\jansi-1.18.jar;C:\Users\Sarah\.m2\repository\org\aesh\aesh\2.6\aesh-2.6.jar;C:\Users\Sarah\.m2\repository\io\quarkus\gizmo\gizmo\1.1.0.Final\gizmo-1.1.0.Final.jar;C:\Users\Sarah\.m2\repository\org\ow2\asm\asm-util\9.3\asm-util-9.3.jar;C:\Users\Sarah\.m2\repository\org\ow2\asm\asm\9.3\asm-9.3.jar;C:\Users\Sarah\.m2\repository\org\ow2\asm\asm-commons\9.3\asm-commons-9.3.jar;C:\Users\Sarah\.m2\repository\org\ow2\asm\asm-tree\9.3\asm-tree-9.3.jar;C:\Users\Sarah\.m2\repository\org\ow2\asm\asm-analysis\9.3\asm-analysis-9.3.jar;C:\Users\Sarah\.m2\repository\io\quarkus\quarkus-class-change-agent\2.12.1.Final\quarkus-class-change-agent-2.12.1.Final.jar;C:\Users\Sarah\.m2\repository\io\quarkus\quarkus-devtools-utilities\2.12.1.Final\quarkus-devtools-utilities-2.12.1.Final.jar;C:\Users\Sarah\.m2\repository\io\quarkus\quarkus-builder\2.12.1.Final\quarkus-builder-2.12.1.Final.jar;C:\Users\Sarah\.m2\repository\org\junit\platform\junit-platform-launcher\1.9.0\junit-platform-launcher-1.9.0.jar;C:\Users\Sarah\.m2\repository\org\jboss\jandex\2.4.3.Final\jandex-2.4.3.Final.jar;C:\Users\Sarah\.m2\repository\org\jboss\logging\commons-logging-jboss-logging\1.0.0.Final\commons-logging-jboss-logging-1.0.0.Final.jar;C:\Users\Sarah\.m2\repository\io\quarkus\quarkus-junit5-properties\2.12.1.Final\quarkus-junit5-properties-2.12.1.Final.jar;C:\Users\Sarah\.m2\repository\org\junit\jupiter\junit-jupiter\5.9.0\junit-jupiter-5.9.0.jar;C:\Users\Sarah\.m2\repository\org\junit\jupiter\junit-jupiter-api\5.9.0\junit-jupiter-api-5.9.0.jar;C:\Users\Sarah\.m2\repository\org\opentest4j\opentest4j\1.2.0\opentest4j-1.2.0.jar;C:\Users\Sarah\.m2\repository\org\junit\platform\junit-platform-commons\1.9.0\junit-platform-commons-1.9.0.jar;C:\Users\Sarah\.m2\repository\org\apiguardian\apiguardian-api\1.1.2\apiguardian-api-1.1.2.jar;C:\Users\Sarah\.m2\repository\org\junit\jupiter\junit-jupiter-params\5.9.0\junit-jupiter-params-5.9.0.jar;C:\Users\Sarah\.m2\repository\org\junit\jupiter\junit-jupiter-engine\5.9.0\junit-jupiter-engine-5.9.0.jar;C:\Users\Sarah\.m2\repository\org\junit\platform\junit-platform-engine\1.9.0\junit-platform-engine-1.9.0.jar;C:\Users\Sarah\.m2\repository\com\thoughtworks\xstream\xstream\1.4.19\xstream-1.4.19.jar;C:\Users\Sarah\.m2\repository\io\github\x-stream\mxparser\1.2.2\mxparser-1.2.2.jar;C:\Users\Sarah\.m2\repository\xmlpull\xmlpull\1.1.3.1\xmlpull-1.1.3.1.jar;C:\Users\Sarah\.m2\repository\io\rest-assured\rest-assured\4.5.1\rest-assured-4.5.1.jar;C:\Users\Sarah\.m2\repository\org\codehaus\groovy\groovy\3.0.9\groovy-3.0.9.jar;C:\Users\Sarah\.m2\repository\org\codehaus\groovy\groovy-xml\3.0.9\groovy-xml-3.0.9.jar;C:\Users\Sarah\.m2\repository\org\apache\httpcomponents\httpclient\4.5.13\httpclient-4.5.13.jar;C:\Users\Sarah\.m2\repository\org\apache\httpcomponents\httpcore\4.4.15\httpcore-4.4.15.jar;C:\Users\Sarah\.m2\repository\commons-codec\commons-codec\1.15\commons-codec-1.15.jar;C:\Users\Sarah\.m2\repository\org\apache\httpcomponents\httpmime\4.5.13\httpmime-4.5.13.jar;C:\Users\Sarah\.m2\repository\org\hamcrest\hamcrest\2.1\hamcrest-2.1.jar;C:\Users\Sarah\.m2\repository\org\ccil\cowan\tagsoup\tagsoup\1.2.1\tagsoup-1.2.1.jar;C:\Users\Sarah\.m2\repository\io\rest-assured\json-path\4.5.1\json-path-4.5.1.jar;C:\Users\Sarah\.m2\repository\org\codehaus\groovy\groovy-json\3.0.9\groovy-json-3.0.9.jar;C:\Users\Sarah\.m2\repository\io\rest-assured\rest-assured-common\4.5.1\rest-assured-common-4.5.1.jar;C:\Users\Sarah\.m2\repository\io\rest-assured\xml-path\4.5.1\xml-path-4.5.1.jar;C:\Users\Sarah\.m2\repository\org\apache\commons\commons-lang3\3.12.0\commons-lang3-3.12.0.jar;"/>
    <property name="java.vm.vendor" value="Oracle Corporation"/>
    <property name="sun.arch.data.model" value="64"/>
    <property name="user.variant" value=""/>
    <property name="java.vendor.url" value="http://java.oracle.com/"/>
    <property name="user.timezone" value="Europe/London"/>
    <property name="java.vm.specification.version" value="11"/>
    <property name="os.name" value="Windows 10"/>
    <property name="sun.java.launcher" value="SUN_STANDARD"/>
    <property name="user.country" value="GB"/>
    <property name="sun.boot.library.path" value="C:\Program Files\Java\jdk-11\bin"/>
    <property name="sun.java.command" value="C:\Users\Sarah\AppData\Local\Temp\surefire13604782548890201157\surefirebooter-20220919155422837_3.jar C:\Users\Sarah\AppData\Local\Temp\surefire13604782548890201157 2022-09-19T15-54-22_563-jvmRun1 surefire-20220919155422837_1tmp surefire_0-20220919155422837_2tmp"/>
    <property name="jdk.debug" value="release"/>
    <property name="maven.home" value="C:\Program Files\Maven\apache-maven-3.8.6-bin\apache-maven-3.8.6"/>
    <property name="surefire.test.class.path" value="C:\Users\Sarah\Documents\projects\rest-book\target\test-classes;C:\Users\Sarah\Documents\projects\rest-book\target\classes;C:\Users\Sarah\.m2\repository\io\quarkus\quarkus-resteasy-jsonb\2.12.1.Final\quarkus-resteasy-jsonb-2.12.1.Final.jar;C:\Users\Sarah\.m2\repository\io\quarkus\quarkus-jsonb\2.12.1.Final\quarkus-jsonb-2.12.1.Final.jar;C:\Users\Sarah\.m2\repository\org\eclipse\yasson\1.0.11\yasson-1.0.11.jar;C:\Users\Sarah\.m2\repository\io\quarkus\quarkus-jsonp\2.12.1.Final\quarkus-jsonp-2.12.1.Final.jar;C:\Users\Sarah\.m2\repository\org\glassfish\jakarta.json\1.1.6\jakarta.json-1.1.6.jar;C:\Users\Sarah\.m2\repository\org\jboss\resteasy\resteasy-json-binding-provider\4.7.7.Final\resteasy-json-binding-provider-4.7.7.Final.jar;C:\Users\Sarah\.m2\repository\jakarta\json\bind\jakarta.json.bind-api\1.0.2\jakarta.json.bind-api-1.0.2.jar;C:\Users\Sarah\.m2\repository\org\jboss\logging\jboss-logging\3.5.0.Final\jboss-logging-3.5.0.Final.jar;C:\Users\Sarah\.m2\repository\org\jboss\resteasy\resteasy-json-p-provider\4.7.7.Final\resteasy-json-p-provider-4.7.7.Final.jar;C:\Users\Sarah\.m2\repository\commons-io\commons-io\2.11.0\commons-io-2.11.0.jar;C:\Users\Sarah\.m2\repository\io\quarkus\quarkus-arc\2.12.1.Final\quarkus-arc-2.12.1.Final.jar;C:\Users\Sarah\.m2\repository\io\quarkus\arc\arc\2.12.1.Final\arc-2.12.1.Final.jar;C:\Users\Sarah\.m2\repository\jakarta\enterprise\jakarta.enterprise.cdi-api\2.0.2\jakarta.enterprise.cdi-api-2.0.2.jar;C:\Users\Sarah\.m2\repository\jakarta\el\jakarta.el-api\3.0.3\jakarta.el-api-3.0.3.jar;C:\Users\Sarah\.m2\repository\jakarta\interceptor\jakarta.interceptor-api\1.2.5\jakarta.interceptor-api-1.2.5.jar;C:\Users\Sarah\.m2\repository\jakarta\annotation\jakarta.annotation-api\1.3.5\jakarta.annotation-api-1.3.5.jar;C:\Users\Sarah\.m2\repository\jakarta\transaction\jakarta.transaction-api\1.3.3\jakarta.transaction-api-1.3.3.jar;C:\Users\Sarah\.m2\repository\io\quarkus\quarkus-core\2.12.1.Final\quarkus-core-2.12.1.Final.jar;C:\Users\Sarah\.m2\repository\jakarta\inject\jakarta.inject-api\1.0\jakarta.inject-api-1.0.jar;C:\Users\Sarah\.m2\repository\io\quarkus\quarkus-ide-launcher\2.12.1.Final\quarkus-ide-launcher-2.12.1.Final.jar;C:\Users\Sarah\.m2\repository\io\quarkus\quarkus-development-mode-spi\2.12.1.Final\quarkus-development-mode-spi-2.12.1.Final.jar;C:\Users\Sarah\.m2\repository\io\smallrye\config\smallrye-config\2.12.0\smallrye-config-2.12.0.jar;C:\Users\Sarah\.m2\repository\io\smallrye\config\smallrye-config-core\2.12.0\smallrye-config-core-2.12.0.jar;C:\Users\Sarah\.m2\repository\org\eclipse\microprofile\config\microprofile-config-api\2.0.1\microprofile-config-api-2.0.1.jar;C:\Users\Sarah\.m2\repository\io\smallrye\common\smallrye-common-expression\1.13.0\smallrye-common-expression-1.13.0.jar;C:\Users\Sarah\.m2\repository\io\smallrye\common\smallrye-common-function\1.13.0\smallrye-common-function-1.13.0.jar;C:\Users\Sarah\.m2\repository\io\smallrye\common\smallrye-common-classloader\1.13.0\smallrye-common-classloader-1.13.0.jar;C:\Users\Sarah\.m2\repository\io\smallrye\config\smallrye-config-common\2.12.0\smallrye-config-common-2.12.0.jar;C:\Users\Sarah\.m2\repository\org\jboss\logmanager\jboss-logmanager-embedded\1.0.10\jboss-logmanager-embedded-1.0.10.jar;C:\Users\Sarah\.m2\repository\org\jboss\logging\jboss-logging-annotations\2.2.1.Final\jboss-logging-annotations-2.2.1.Final.jar;C:\Users\Sarah\.m2\repository\org\jboss\threads\jboss-threads\3.4.2.Final\jboss-threads-3.4.2.Final.jar;C:\Users\Sarah\.m2\repository\org\slf4j\slf4j-api\1.7.36\slf4j-api-1.7.36.jar;C:\Users\Sarah\.m2\repository\org\jboss\slf4j\slf4j-jboss-logmanager\1.1.0.Final\slf4j-jboss-logmanager-1.1.0.Final.jar;C:\Users\Sarah\.m2\repository\org\graalvm\sdk\graal-sdk\22.2.0\graal-sdk-22.2.0.jar;C:\Users\Sarah\.m2\repository\org\wildfly\common\wildfly-common\1.5.4.Final-format-001\wildfly-common-1.5.4.Final-format-001.jar;C:\Users\Sarah\.m2\repository\io\quarkus\quarkus-bootstrap-runner\2.12.1.Final\quarkus-bootstrap-runner-2.12.1.Final.jar;C:\Users\Sarah\.m2\repository\io\quarkus\quarkus-fs-util\0.0.9\quarkus-fs-util-0.0.9.jar;C:\Users\Sarah\.m2\repository\org\eclipse\microprofile\context-propagation\microprofile-context-propagation-api\1.2\microprofile-context-propagation-api-1.2.jar;C:\Users\Sarah\.m2\repository\io\quarkus\quarkus-resteasy\2.12.1.Final\quarkus-resteasy-2.12.1.Final.jar;C:\Users\Sarah\.m2\repository\io\quarkus\quarkus-vertx-http\2.12.1.Final\quarkus-vertx-http-2.12.1.Final.jar;C:\Users\Sarah\.m2\repository\io\quarkus\quarkus-security-runtime-spi\2.12.1.Final\quarkus-security-runtime-spi-2.12.1.Final.jar;C:\Users\Sarah\.m2\repository\io\quarkus\quarkus-credentials\2.12.1.Final\quarkus-credentials-2.12.1.Final.jar;C:\Users\Sarah\.m2\repository\io\quarkus\quarkus-mutiny\2.12.1.Final\quarkus-mutiny-2.12.1.Final.jar;C:\Users\Sarah\.m2\repository\io\smallrye\reactive\mutiny\1.7.0\mutiny-1.7.0.jar;C:\Users\Sarah\.m2\repository\org\reactivestreams\reactive-streams\1.0.3\reactive-streams-1.0.3.jar;C:\Users\Sarah\.m2\repository\io\quarkus\quarkus-smallrye-context-propagation\2.12.1.Final\quarkus-smallrye-context-propagation-2.12.1.Final.jar;C:\Users\Sarah\.m2\repository\io\smallrye\smallrye-context-propagation\1.2.2\smallrye-context-propagation-1.2.2.jar;C:\Users\Sarah\.m2\repository\io\smallrye\smallrye-context-propagation-api\1.2.2\smallrye-context-propagation-api-1.2.2.jar;C:\Users\Sarah\.m2\repository\io\smallrye\smallrye-context-propagation-storage\1.2.2\smallrye-context-propagation-storage-1.2.2.jar;C:\Users\Sarah\.m2\repository\io\smallrye\reactive\mutiny-smallrye-context-propagation\1.7.0\mutiny-smallrye-context-propagation-1.7.0.jar;C:\Users\Sarah\.m2\repository\io\smallrye\common\smallrye-common-vertx-context\1.13.0\smallrye-common-vertx-context-1.13.0.jar;C:\Users\Sarah\.m2\repository\io\vertx\vertx-core\4.3.2\vertx-core-4.3.2.jar;C:\Users\Sarah\.m2\repository\io\netty\netty-common\4.1.79.Final\netty-common-4.1.79.Final.jar;C:\Users\Sarah\.m2\repository\io\netty\netty-buffer\4.1.79.Final\netty-buffer-4.1.79.Final.jar;C:\Users\Sarah\.m2\repository\io\netty\netty-transport\4.1.79.Final\netty-transport-4.1.79.Final.jar;C:\Users\Sarah\.m2\repository\io\netty\netty-handler\4.1.79.Final\netty-handler-4.1.79.Final.jar;C:\Users\Sarah\.m2\repository\io\netty\netty-transport-native-unix-common\4.1.79.Final\netty-transport-native-unix-common-4.1.79.Final.jar;C:\Users\Sarah\.m2\repository\io\netty\netty-handler-proxy\4.1.79.Final\netty-handler-proxy-4.1.79.Final.jar;C:\Users\Sarah\.m2\repository\io\netty\netty-codec-socks\4.1.79.Final\netty-codec-socks-4.1.79.Final.jar;C:\Users\Sarah\.m2\repository\io\netty\netty-codec-http\4.1.79.Final\netty-codec-http-4.1.79.Final.jar;C:\Users\Sarah\.m2\repository\io\netty\netty-codec-http2\4.1.79.Final\netty-codec-http2-4.1.79.Final.jar;C:\Users\Sarah\.m2\repository\io\netty\netty-resolver\4.1.79.Final\netty-resolver-4.1.79.Final.jar;C:\Users\Sarah\.m2\repository\io\netty\netty-resolver-dns\4.1.79.Final\netty-resolver-dns-4.1.79.Final.jar;C:\Users\Sarah\.m2\repository\io\netty\netty-codec-dns\4.1.79.Final\netty-codec-dns-4.1.79.Final.jar;C:\Users\Sarah\.m2\repository\com\fasterxml\jackson\core\jackson-core\2.13.3\jackson-core-2.13.3.jar;C:\Users\Sarah\.m2\repository\io\smallrye\common\smallrye-common-constraint\1.13.0\smallrye-common-constraint-1.13.0.jar;C:\Users\Sarah\.m2\repository\io\quarkus\quarkus-vertx-http-dev-console-runtime-spi\2.12.1.Final\quarkus-vertx-http-dev-console-runtime-spi-2.12.1.Final.jar;C:\Users\Sarah\.m2\repository\io\quarkus\security\quarkus-security\1.1.4.Final\quarkus-security-1.1.4.Final.jar;C:\Users\Sarah\.m2\repository\io\quarkus\quarkus-vertx\2.12.1.Final\quarkus-vertx-2.12.1.Final.jar;C:\Users\Sarah\.m2\repository\io\quarkus\quarkus-netty\2.12.1.Final\quarkus-netty-2.12.1.Final.jar;C:\Users\Sarah\.m2\repository\io\netty\netty-codec\4.1.79.Final\netty-codec-4.1.79.Final.jar;C:\Users\Sarah\.m2\repository\com\aayushatharva\brotli4j\brotli4j\1.7.1\brotli4j-1.7.1.jar;C:\Users\Sarah\.m2\repository\com\aayushatharva\brotli4j\native-windows-x86_64\1.7.1\native-windows-x86_64-1.7.1.jar;C:\Users\Sarah\.m2\repository\io\netty\netty-codec-haproxy\4.1.79.Final\netty-codec-haproxy-4.1.79.Final.jar;C:\Users\Sarah\.m2\repository\io\smallrye\common\smallrye-common-annotation\1.13.0\smallrye-common-annotation-1.13.0.jar;C:\Users\Sarah\.m2\repository\io\quarkus\quarkus-vertx-latebound-mdc-provider\2.12.1.Final\quarkus-vertx-latebound-mdc-provider-2.12.1.Final.jar;C:\Users\Sarah\.m2\repository\io\smallrye\reactive\smallrye-mutiny-vertx-core\2.25.0\smallrye-mutiny-vertx-core-2.25.0.jar;C:\Users\Sarah\.m2\repository\io\smallrye\reactive\smallrye-mutiny-vertx-runtime\2.25.0\smallrye-mutiny-vertx-runtime-2.25.0.jar;C:\Users\Sarah\.m2\repository\io\smallrye\reactive\vertx-mutiny-generator\2.25.0\vertx-mutiny-generator-2.25.0.jar;C:\Users\Sarah\.m2\repository\io\vertx\vertx-codegen\4.3.2\vertx-codegen-4.3.2.jar;C:\Users\Sarah\.m2\repository\io\smallrye\smallrye-fault-tolerance-vertx\5.5.0\smallrye-fault-tolerance-vertx-5.5.0.jar;C:\Users\Sarah\.m2\repository\io\smallrye\reactive\smallrye-mutiny-vertx-web\2.25.0\smallrye-mutiny-vertx-web-2.25.0.jar;C:\Users\Sarah\.m2\repository\io\smallrye\reactive\smallrye-mutiny-vertx-web-common\2.25.0\smallrye-mutiny-vertx-web-common-2.25.0.jar;C:\Users\Sarah\.m2\repository\io\smallrye\reactive\smallrye-mutiny-vertx-auth-common\2.25.0\smallrye-mutiny-vertx-auth-common-2.25.0.jar;C:\Users\Sarah\.m2\repository\io\smallrye\reactive\smallrye-mutiny-vertx-bridge-common\2.25.0\smallrye-mutiny-vertx-bridge-common-2.25.0.jar;C:\Users\Sarah\.m2\repository\io\smallrye\reactive\smallrye-mutiny-vertx-uri-template\2.25.0\smallrye-mutiny-vertx-uri-template-2.25.0.jar;C:\Users\Sarah\.m2\repository\io\vertx\vertx-uri-template\4.3.2\vertx-uri-template-4.3.2.jar;C:\Users\Sarah\.m2\repository\io\vertx\vertx-web\4.3.2\vertx-web-4.3.2.jar;C:\Users\Sarah\.m2\repository\io\vertx\vertx-web-common\4.3.2\vertx-web-common-4.3.2.jar;C:\Users\Sarah\.m2\repository\io\vertx\vertx-auth-common\4.3.2\vertx-auth-common-4.3.2.jar;C:\Users\Sarah\.m2\repository\io\vertx\vertx-bridge-common\4.3.2\vertx-bridge-common-4.3.2.jar;C:\Users\Sarah\.m2\repository\io\github\crac\org-crac\0.1.1\org-crac-0.1.1.jar;C:\Users\Sarah\.m2\repository\io\quarkus\quarkus-resteasy-server-common\2.12.1.Final\quarkus-resteasy-server-common-2.12.1.Final.jar;C:\Users\Sarah\.m2\repository\io\quarkus\quarkus-resteasy-common\2.12.1.Final\quarkus-resteasy-common-2.12.1.Final.jar;C:\Users\Sarah\.m2\repository\org\jboss\resteasy\resteasy-core\4.7.7.Final\resteasy-core-4.7.7.Final.jar;C:\Users\Sarah\.m2\repository\org\jboss\spec\javax\ws\rs\jboss-jaxrs-api_2.1_spec\2.0.1.Final\jboss-jaxrs-api_2.1_spec-2.0.1.Final.jar;C:\Users\Sarah\.m2\repository\org\jboss\spec\javax\xml\bind\jboss-jaxb-api_2.3_spec\2.0.0.Final\jboss-jaxb-api_2.3_spec-2.0.0.Final.jar;C:\Users\Sarah\.m2\repository\org\jboss\resteasy\resteasy-core-spi\4.7.7.Final\resteasy-core-spi-4.7.7.Final.jar;C:\Users\Sarah\.m2\repository\com\ibm\async\asyncutil\0.1.0\asyncutil-0.1.0.jar;C:\Users\Sarah\.m2\repository\com\sun\activation\jakarta.activation\1.2.1\jakarta.activation-1.2.1.jar;C:\Users\Sarah\.m2\repository\jakarta\validation\jakarta.validation-api\2.0.2\jakarta.validation-api-2.0.2.jar;C:\Users\Sarah\.m2\repository\io\quarkus\quarkus-junit5\2.12.1.Final\quarkus-junit5-2.12.1.Final.jar;C:\Users\Sarah\.m2\repository\io\quarkus\quarkus-bootstrap-core\2.12.1.Final\quarkus-bootstrap-core-2.12.1.Final.jar;C:\Users\Sarah\.m2\repository\io\quarkus\quarkus-bootstrap-app-model\2.12.1.Final\quarkus-bootstrap-app-model-2.12.1.Final.jar;C:\Users\Sarah\.m2\repository\io\quarkus\quarkus-bootstrap-maven-resolver\2.12.1.Final\quarkus-bootstrap-maven-resolver-2.12.1.Final.jar;C:\Users\Sarah\.m2\repository\org\apache\maven\maven-embedder\3.8.6\maven-embedder-3.8.6.jar;C:\Users\Sarah\.m2\repository\org\apache\maven\maven-settings\3.8.6\maven-settings-3.8.6.jar;C:\Users\Sarah\.m2\repository\org\apache\maven\maven-core\3.8.6\maven-core-3.8.6.jar;C:\Users\Sarah\.m2\repository\org\apache\maven\maven-artifact\3.8.6\maven-artifact-3.8.6.jar;C:\Users\Sarah\.m2\repository\org\codehaus\plexus\plexus-component-annotations\2.1.0\plexus-component-annotations-2.1.0.jar;C:\Users\Sarah\.m2\repository\org\apache\maven\maven-plugin-api\3.8.6\maven-plugin-api-3.8.6.jar;C:\Users\Sarah\.m2\repository\org\apache\maven\maven-model\3.8.6\maven-model-3.8.6.jar;C:\Users\Sarah\.m2\repository\org\apache\maven\maven-model-builder\3.8.6\maven-model-builder-3.8.6.jar;C:\Users\Sarah\.m2\repository\org\apache\maven\maven-builder-support\3.8.6\maven-builder-support-3.8.6.jar;C:\Users\Sarah\.m2\repository\org\apache\maven\resolver\maven-resolver-api\1.6.3\maven-resolver-api-1.6.3.jar;C:\Users\Sarah\.m2\repository\org\apache\maven\resolver\maven-resolver-util\1.6.3\maven-resolver-util-1.6.3.jar;C:\Users\Sarah\.m2\repository\org\apache\maven\shared\maven-shared-utils\3.3.4\maven-shared-utils-3.3.4.jar;C:\Users\Sarah\.m2\repository\com\google\inject\guice\4.2.2\guice-4.2.2-no_aop.jar;C:\Users\Sarah\.m2\repository\com\google\guava\guava\31.1-jre\guava-31.1-jre.jar;C:\Users\Sarah\.m2\repository\com\google\guava\failureaccess\1.0.1\failureaccess-1.0.1.jar;C:\Users\Sarah\.m2\repository\org\codehaus\plexus\plexus-classworlds\2.6.0\plexus-classworlds-2.6.0.jar;C:\Users\Sarah\.m2\repository\org\codehaus\plexus\plexus-sec-dispatcher\2.0\plexus-sec-dispatcher-2.0.jar;C:\Users\Sarah\.m2\repository\org\codehaus\plexus\plexus-cipher\2.0\plexus-cipher-2.0.jar;C:\Users\Sarah\.m2\repository\commons-cli\commons-cli\1.4\commons-cli-1.4.jar;C:\Users\Sarah\.m2\repository\org\eclipse\sisu\org.eclipse.sisu.plexus\0.3.5\org.eclipse.sisu.plexus-0.3.5.jar;C:\Users\Sarah\.m2\repository\org\apache\maven\maven-settings-builder\3.8.6\maven-settings-builder-3.8.6.jar;C:\Users\Sarah\.m2\repository\org\codehaus\plexus\plexus-interpolation\1.26\plexus-interpolation-1.26.jar;C:\Users\Sarah\.m2\repository\org\apache\maven\maven-resolver-provider\3.8.6\maven-resolver-provider-3.8.6.jar;C:\Users\Sarah\.m2\repository\org\apache\maven\maven-repository-metadata\3.8.6\maven-repository-metadata-3.8.6.jar;C:\Users\Sarah\.m2\repository\org\apache\maven\resolver\maven-resolver-spi\1.6.3\maven-resolver-spi-1.6.3.jar;C:\Users\Sarah\.m2\repository\org\apache\maven\resolver\maven-resolver-impl\1.6.3\maven-resolver-impl-1.6.3.jar;C:\Users\Sarah\.m2\repository\org\codehaus\plexus\plexus-utils\3.3.0\plexus-utils-3.3.0.jar;C:\Users\Sarah\.m2\repository\org\apache\maven\resolver\maven-resolver-connector-basic\1.6.3\maven-resolver-connector-basic-1.6.3.jar;C:\Users\Sarah\.m2\repository\org\apache\maven\resolver\maven-resolver-transport-wagon\1.6.3\maven-resolver-transport-wagon-1.6.3.jar;C:\Users\Sarah\.m2\repository\org\apache\maven\wagon\wagon-http\3.5.1\wagon-http-3.5.1.jar;C:\Users\Sarah\.m2\repository\org\apache\maven\wagon\wagon-http-shared\3.5.1\wagon-http-shared-3.5.1.jar;C:\Users\Sarah\.m2\repository\org\apache\maven\wagon\wagon-provider-api\3.5.1\wagon-provider-api-3.5.1.jar;C:\Users\Sarah\.m2\repository\org\apache\maven\wagon\wagon-file\3.5.1\wagon-file-3.5.1.jar;C:\Users\Sarah\.m2\repository\io\quarkus\quarkus-bootstrap-gradle-resolver\2.12.1.Final\quarkus-bootstrap-gradle-resolver-2.12.1.Final.jar;C:\Users\Sarah\.m2\repository\io\smallrye\common\smallrye-common-io\1.13.0\smallrye-common-io-1.13.0.jar;C:\Users\Sarah\.m2\repository\org\eclipse\sisu\org.eclipse.sisu.inject\0.3.5\org.eclipse.sisu.inject-0.3.5.jar;C:\Users\Sarah\.m2\repository\io\quarkus\quarkus-test-common\2.12.1.Final\quarkus-test-common-2.12.1.Final.jar;C:\Users\Sarah\.m2\repository\io\quarkus\quarkus-core-deployment\2.12.1.Final\quarkus-core-deployment-2.12.1.Final.jar;C:\Users\Sarah\.m2\repository\org\aesh\readline\2.2\readline-2.2.jar;C:\Users\Sarah\.m2\repository\org\fusesource\jansi\jansi\1.18\jansi-1.18.jar;C:\Users\Sarah\.m2\repository\org\aesh\aesh\2.6\aesh-2.6.jar;C:\Users\Sarah\.m2\repository\io\quarkus\gizmo\gizmo\1.1.0.Final\gizmo-1.1.0.Final.jar;C:\Users\Sarah\.m2\repository\org\ow2\asm\asm-util\9.3\asm-util-9.3.jar;C:\Users\Sarah\.m2\repository\org\ow2\asm\asm\9.3\asm-9.3.jar;C:\Users\Sarah\.m2\repository\org\ow2\asm\asm-commons\9.3\asm-commons-9.3.jar;C:\Users\Sarah\.m2\repository\org\ow2\asm\asm-tree\9.3\asm-tree-9.3.jar;C:\Users\Sarah\.m2\repository\org\ow2\asm\asm-analysis\9.3\asm-analysis-9.3.jar;C:\Users\Sarah\.m2\repository\io\quarkus\quarkus-class-change-agent\2.12.1.Final\quarkus-class-change-agent-2.12.1.Final.jar;C:\Users\Sarah\.m2\repository\io\quarkus\quarkus-devtools-utilities\2.12.1.Final\quarkus-devtools-utilities-2.12.1.Final.jar;C:\Users\Sarah\.m2\repository\io\quarkus\quarkus-builder\2.12.1.Final\quarkus-builder-2.12.1.Final.jar;C:\Users\Sarah\.m2\repository\org\junit\platform\junit-platform-launcher\1.9.0\junit-platform-launcher-1.9.0.jar;C:\Users\Sarah\.m2\repository\org\jboss\jandex\2.4.3.Final\jandex-2.4.3.Final.jar;C:\Users\Sarah\.m2\repository\org\jboss\logging\commons-logging-jboss-logging\1.0.0.Final\commons-logging-jboss-logging-1.0.0.Final.jar;C:\Users\Sarah\.m2\repository\io\quarkus\quarkus-junit5-properties\2.12.1.Final\quarkus-junit5-properties-2.12.1.Final.jar;C:\Users\Sarah\.m2\repository\org\junit\jupiter\junit-jupiter\5.9.0\junit-jupiter-5.9.0.jar;C:\Users\Sarah\.m2\repository\org\junit\jupiter\junit-jupiter-api\5.9.0\junit-jupiter-api-5.9.0.jar;C:\Users\Sarah\.m2\repository\org\opentest4j\opentest4j\1.2.0\opentest4j-1.2.0.jar;C:\Users\Sarah\.m2\repository\org\junit\platform\junit-platform-commons\1.9.0\junit-platform-commons-1.9.0.jar;C:\Users\Sarah\.m2\repository\org\apiguardian\apiguardian-api\1.1.2\apiguardian-api-1.1.2.jar;C:\Users\Sarah\.m2\repository\org\junit\jupiter\junit-jupiter-params\5.9.0\junit-jupiter-params-5.9.0.jar;C:\Users\Sarah\.m2\repository\org\junit\jupiter\junit-jupiter-engine\5.9.0\junit-jupiter-engine-5.9.0.jar;C:\Users\Sarah\.m2\repository\org\junit\platform\junit-platform-engine\1.9.0\junit-platform-engine-1.9.0.jar;C:\Users\Sarah\.m2\repository\com\thoughtworks\xstream\xstream\1.4.19\xstream-1.4.19.jar;C:\Users\Sarah\.m2\repository\io\github\x-stream\mxparser\1.2.2\mxparser-1.2.2.jar;C:\Users\Sarah\.m2\repository\xmlpull\xmlpull\1.1.3.1\xmlpull-1.1.3.1.jar;C:\Users\Sarah\.m2\repository\io\rest-assured\rest-assured\4.5.1\rest-assured-4.5.1.jar;C:\Users\Sarah\.m2\repository\org\codehaus\groovy\groovy\3.0.9\groovy-3.0.9.jar;C:\Users\Sarah\.m2\repository\org\codehaus\groovy\groovy-xml\3.0.9\groovy-xml-3.0.9.jar;C:\Users\Sarah\.m2\repository\org\apache\httpcomponents\httpclient\4.5.13\httpclient-4.5.13.jar;C:\Users\Sarah\.m2\repository\org\apache\httpcomponents\httpcore\4.4.15\httpcore-4.4.15.jar;C:\Users\Sarah\.m2\repository\commons-codec\commons-codec\1.15\commons-codec-1.15.jar;C:\Users\Sarah\.m2\repository\org\apache\httpcomponents\httpmime\4.5.13\httpmime-4.5.13.jar;C:\Users\Sarah\.m2\repository\org\hamcrest\hamcrest\2.1\hamcrest-2.1.jar;C:\Users\Sarah\.m2\repository\org\ccil\cowan\tagsoup\tagsoup\1.2.1\tagsoup-1.2.1.jar;C:\Users\Sarah\.m2\repository\io\rest-assured\json-path\4.5.1\json-path-4.5.1.jar;C:\Users\Sarah\.m2\repository\org\codehaus\groovy\groovy-json\3.0.9\groovy-json-3.0.9.jar;C:\Users\Sarah\.m2\repository\io\rest-assured\rest-assured-common\4.5.1\rest-assured-common-4.5.1.jar;C:\Users\Sarah\.m2\repository\io\rest-assured\xml-path\4.5.1\xml-path-4.5.1.jar;C:\Users\Sarah\.m2\repository\org\apache\commons\commons-lang3\3.12.0\commons-lang3-3.12.0.jar;"/>
    <property name="sun.cpu.endian" value="little"/>
    <property name="user.home" value="C:\Users\Sarah"/>
    <property name="user.language" value="en"/>
    <property name="java.specification.vendor" value="Oracle Corporation"/>
    <property name="io.netty.allocator.maxOrder" value="3"/>
    <property name="java.version.date" value="2018-09-25"/>
    <property name="java.home" value="C:\Program Files\Java\jdk-11"/>
    <property name="file.separator" value="\"/>
    <property name="basedir" value="C:\Users\Sarah\Documents\projects\rest-book"/>
    <property name="java.vm.compressedOopsMode" value="Zero based"/>
    <property name="line.separator" value="&#10;"/>
    <property name="java.specification.name" value="Java Platform API Specification"/>
    <property name="java.vm.specification.vendor" value="Oracle Corporation"/>
    <property name="java.awt.graphicsenv" value="sun.awt.Win32GraphicsEnvironment"/>
    <property name="surefire.real.class.path" value="C:\Users\Sarah\AppData\Local\Temp\surefire13604782548890201157\surefirebooter-20220919155422837_3.jar"/>
    <property name="user.script" value=""/>
    <property name="sun.management.compiler" value="HotSpot 64-Bit Tiered Compilers"/>
    <property name="java.runtime.version" value="11+28"/>
    <property name="user.name" value="Sarah"/>
    <property name="path.separator" value=";"/>
    <property name="os.version" value="10.0"/>
    <property name="java.runtime.name" value="OpenJDK Runtime Environment"/>
    <property name="file.encoding" value="Cp1252"/>
    <property name="java.vm.name" value="OpenJDK 64-Bit Server VM"/>
    <property name="java.vendor.version" value="18.9"/>
    <property name="localRepository" value="C:\Users\Sarah\.m2\repository"/>
    <property name="java.vendor.url.bug" value="http://bugreport.java.com/bugreport/"/>
    <property name="java.io.tmpdir" value="C:\Users\Sarah\AppData\Local\Temp\"/>
    <property name="quarkus.log.file.path" value="target\quarkus.log"/>
    <property name="java.version" value="11"/>
    <property name="java.util.concurrent.ForkJoinPool.common.threadFactory" value="io.quarkus.bootstrap.forkjoin.QuarkusForkJoinWorkerThreadFactory"/>
    <property name="user.dir" value="C:\Users\Sarah\Documents\projects\rest-book"/>
    <property name="os.arch" value="amd64"/>
    <property name="java.vm.specification.name" value="Java Virtual Machine Specification"/>
    <property name="vertx.disableDnsResolver" value="true"/>
    <property name="java.awt.printerjob" value="sun.awt.windows.WPrinterJob"/>
    <property name="sun.os.patch.level" value=""/>
    <property name="java.util.logging.manager" value="org.jboss.logmanager.LogManager"/>
    <property name="java.library.path" value="C:\Program Files\Java\jdk-11\bin;C:\WINDOWS\Sun\Java\bin;C:\WINDOWS\system32;C:\WINDOWS;C:\Program Files (x86)\Intel\iCLS Client\;C:\Program Files\Common Files\Microsoft Shared\Windows Live;C:\Program Files\Intel\iCLS Client\;C:\Windows\system32;C:\Windows;C:\Windows\System32\Wbem;C:\Windows\System32\WindowsPowerShell\v1.0\;C:\Program Files (x86)\NVIDIA Corporation\PhysX\Common;C:\Program Files (x86)\GtkSharp\2.12\bin;C:\Program Files\Git\cmd;C:\Users\Sarah\Downloads\python-3.6.3\;C:\Strawberry\perl\bin;C:\Strawberry\perl\site\bin;C:\Strawberry\c\bin;C:\Program Files\PuTTY\;C:\WINDOWS\system32;C:\WINDOWS;C:\WINDOWS\System32\Wbem;C:\WINDOWS\System32\WindowsPowerShell\v1.0\;C:\WINDOWS\System32\OpenSSH\;C:\Program Files\mingw-w64\mingw64\bin;C:\Program Files (x86)\Intel\Intel(R) Management Engine Components\DAL;C:\Program Files\Intel\Intel(R) Management Engine Components\DAL;C:\Program Files (x86)\Intel\Intel(R) Management Engine Components\IPT;C:\Program Files\Intel\Intel(R) Management Engine Components\IPT;C:\Program Files\Microsoft SQL Server\Client SDK\ODBC\130\Tools\Binn\;C:\Program Files (x86)\Microsoft SQL Server\140\Tools\Binn\;C:\Program Files\Microsoft SQL Server\140\Tools\Binn\;C:\Program Files\Microsoft SQL Server\140\DTS\Binn\;C:\Program Files\dotnet\;C:\Program Files\Microsoft SQL Server\130\Tools\Binn\;C:\Program Files\Microsoft SQL Server\Client SDK\ODBC\170\Tools\Binn\;C:\Program Files\nodejs\;C:\Program Files (x86)\PDFtk\bin\;C:\Program Files\Go\bin;C:\Program Files\Microsoft VS Code\bin;C:\Program Files\Java\jdk-11\bin;C:\Program Files\Docker\Docker\resources\bin;C:\ProgramData\DockerDesktop\version-bin;C:\Program Files\Maven\apache-maven-3.8.6-bin\apache-maven-3.8.6\bin;C:\Program Files\graalvm-ce-java11-22.2.0\bin;C:\Users\Sarah\AppData\Local\Microsoft\WindowsApps;C:\Users\Sarah\AppData\Local\atom\bin;C:\Users\Sarah\AppData\Roaming\npm;C:\Users\Sarah\go\bin;C:\Users\Sarah\AppData\Local\gitkraken\bin;."/>
    <property name="java.vendor" value="Oracle Corporation"/>
    <property name="java.vm.info" value="mixed mode"/>
    <property name="vertx.disableTCCL" value="true"/>
    <property name="java.vm.version" value="11+28"/>
    <property name="sun.io.unicode.encoding" value="UnicodeLittle"/>
    <property name="io.netty.machineId" value="2c:8b:51:79:4f:f0:f0:9a"/>
    <property name="java.class.version" value="55.0"/>
  </properties>
  <testcase name="shouldCountAllBooks" classname="org.agoncal.quarkus.starting.BookResourceTest" time="1.455">
    <system-out><![CDATA[2022-09-19 15:54:25,611 INFO  [org.jbo.threads] (main) JBoss Threads version 3.4.2.Final
2022-09-19 15:54:27,128 INFO  [io.quarkus] (main) rest-book 1.0.0-SNAPSHOT on JVM (powered by Quarkus 2.12.1.Final) started in 2.061s. Listening on: http://localhost:8081
2022-09-19 15:54:27,128 INFO  [io.quarkus] (main) Profile test activated. 
2022-09-19 15:54:27,129 INFO  [io.quarkus] (main) Installed features: [cdi, resteasy, resteasy-jsonb, smallrye-context-propagation, vertx]
2022-09-19 15:54:28,452 INFO  [org.ago.qua.sta.BookResource] (executor-thread-0) Returns number of books
]]></system-out>
  </testcase>
  <testcase name="shouldGetAllBooks" classname="org.agoncal.quarkus.starting.BookResourceTest" time="0.608">
    <system-out><![CDATA[2022-09-19 15:54:28,614 INFO  [org.ago.qua.sta.BookResource] (executor-thread-0) Returns all books
]]></system-out>
  </testcase>
  <testcase name="shouldGetABook" classname="org.agoncal.quarkus.starting.BookResourceTest" time="0.097">
    <failure message="1 expectation failed.&#10;JSON path genre doesn&apos;t match.&#10;Expected: is &quot;N/A&quot;&#10;  Actual: Fantasy&#10;" type="java.lang.AssertionError"><![CDATA[java.lang.AssertionError: 
1 expectation failed.
JSON path genre doesn't match.
Expected: is "N/A"
  Actual: Fantasy

	at java.base/jdk.internal.reflect.NativeConstructorAccessorImpl.newInstance0(Native Method)
	at java.base/jdk.internal.reflect.NativeConstructorAccessorImpl.newInstance(NativeConstructorAccessorImpl.java:62)
	at java.base/jdk.internal.reflect.DelegatingConstructorAccessorImpl.newInstance(DelegatingConstructorAccessorImpl.java:45)
	at java.base/java.lang.reflect.Constructor.newInstance(Constructor.java:490)
	at org.codehaus.groovy.reflection.CachedConstructor.invoke(CachedConstructor.java:72)
	at org.codehaus.groovy.reflection.CachedConstructor.doConstructorInvoke(CachedConstructor.java:59)
	at org.codehaus.groovy.runtime.callsite.ConstructorSite$ConstructorSiteNoUnwrap.callConstructor(ConstructorSite.java:84)
	at org.codehaus.groovy.runtime.callsite.CallSiteArray.defaultCallConstructor(CallSiteArray.java:59)
	at org.codehaus.groovy.runtime.callsite.AbstractCallSite.callConstructor(AbstractCallSite.java:263)
	at org.codehaus.groovy.runtime.callsite.AbstractCallSite.callConstructor(AbstractCallSite.java:277)
	at io.restassured.internal.ResponseSpecificationImpl$HamcrestAssertionClosure.validate(ResponseSpecificationImpl.groovy:499)
	at io.restassured.internal.ResponseSpecificationImpl$HamcrestAssertionClosure$validate$1.call(Unknown Source)
	at io.restassured.internal.ResponseSpecificationImpl.validateResponseIfRequired(ResponseSpecificationImpl.groovy:684)
	at java.base/jdk.internal.reflect.NativeMethodAccessorImpl.invoke0(Native Method)
	at java.base/jdk.internal.reflect.NativeMethodAccessorImpl.invoke(NativeMethodAccessorImpl.java:62)
	at java.base/jdk.internal.reflect.DelegatingMethodAccessorImpl.invoke(DelegatingMethodAccessorImpl.java:43)
	at java.base/java.lang.reflect.Method.invoke(Method.java:566)
	at org.codehaus.groovy.runtime.callsite.PlainObjectMetaMethodSite.doInvoke(PlainObjectMetaMethodSite.java:43)
	at org.codehaus.groovy.runtime.callsite.PogoMetaMethodSite$PogoCachedMethodSiteNoUnwrapNoCoerce.invoke(PogoMetaMethodSite.java:193)
	at org.codehaus.groovy.runtime.callsite.PogoMetaMethodSite.callCurrent(PogoMetaMethodSite.java:61)
	at org.codehaus.groovy.runtime.callsite.AbstractCallSite.callCurrent(AbstractCallSite.java:185)
	at io.restassured.internal.ResponseSpecificationImpl.body(ResponseSpecificationImpl.groovy:262)
	at io.restassured.specification.ResponseSpecification$body$1.callCurrent(Unknown Source)
	at io.restassured.internal.ResponseSpecificationImpl.body(ResponseSpecificationImpl.groovy:109)
	at io.restassured.internal.ValidatableResponseOptionsImpl.body(ValidatableResponseOptionsImpl.java:244)
	at io.restassured.internal.ValidatableResponseImpl.super$2$body(ValidatableResponseImpl.groovy)
	at java.base/jdk.internal.reflect.NativeMethodAccessorImpl.invoke0(Native Method)
	at java.base/jdk.internal.reflect.NativeMethodAccessorImpl.invoke(NativeMethodAccessorImpl.java:62)
	at java.base/jdk.internal.reflect.DelegatingMethodAccessorImpl.invoke(DelegatingMethodAccessorImpl.java:43)
	at java.base/java.lang.reflect.Method.invoke(Method.java:566)
	at org.codehaus.groovy.reflection.CachedMethod.invoke(CachedMethod.java:107)
	at groovy.lang.MetaMethod.doMethodInvoke(MetaMethod.java:323)
	at groovy.lang.MetaClassImpl.invokeMethod(MetaClassImpl.java:1268)
	at org.codehaus.groovy.runtime.ScriptBytecodeAdapter.invokeMethodOnSuperN(ScriptBytecodeAdapter.java:144)
	at io.restassured.internal.ValidatableResponseImpl.body(ValidatableResponseImpl.groovy:298)
	at io.restassured.internal.ValidatableResponseImpl.body(ValidatableResponseImpl.groovy)
	at org.agoncal.quarkus.starting.BookResourceTest.shouldGetABook(BookResourceTest.java:48)
	at java.base/jdk.internal.reflect.NativeMethodAccessorImpl.invoke0(Native Method)
	at java.base/jdk.internal.reflect.NativeMethodAccessorImpl.invoke(NativeMethodAccessorImpl.java:62)
	at java.base/jdk.internal.reflect.DelegatingMethodAccessorImpl.invoke(DelegatingMethodAccessorImpl.java:43)
	at java.base/java.lang.reflect.Method.invoke(Method.java:566)
	at io.quarkus.test.junit.QuarkusTestExtension.runExtensionMethod(QuarkusTestExtension.java:1083)
	at io.quarkus.test.junit.QuarkusTestExtension.interceptTestMethod(QuarkusTestExtension.java:902)
	at org.junit.jupiter.engine.execution.InterceptingExecutableInvoker$ReflectiveInterceptorCall.lambda$ofVoidMethod$0(InterceptingExecutableInvoker.java:103)
	at org.junit.jupiter.engine.execution.InterceptingExecutableInvoker.lambda$invoke$0(InterceptingExecutableInvoker.java:93)
	at org.junit.jupiter.engine.execution.InvocationInterceptorChain$InterceptedInvocation.proceed(InvocationInterceptorChain.java:106)
	at org.junit.jupiter.engine.extension.TimeoutExtension.intercept(TimeoutExtension.java:156)
	at org.junit.jupiter.engine.extension.TimeoutExtension.interceptTestableMethod(TimeoutExtension.java:147)
	at org.junit.jupiter.engine.extension.TimeoutExtension.interceptTestMethod(TimeoutExtension.java:86)
	at org.junit.jupiter.engine.execution.InterceptingExecutableInvoker$ReflectiveInterceptorCall.lambda$ofVoidMethod$0(InterceptingExecutableInvoker.java:103)
	at org.junit.jupiter.engine.execution.InterceptingExecutableInvoker.lambda$invoke$0(InterceptingExecutableInvoker.java:93)
	at org.junit.jupiter.engine.execution.InvocationInterceptorChain$InterceptedInvocation.proceed(InvocationInterceptorChain.java:106)
	at org.junit.jupiter.engine.execution.InvocationInterceptorChain.proceed(InvocationInterceptorChain.java:64)
	at org.junit.jupiter.engine.execution.InvocationInterceptorChain.chainAndInvoke(InvocationInterceptorChain.java:45)
	at org.junit.jupiter.engine.execution.InvocationInterceptorChain.invoke(InvocationInterceptorChain.java:37)
	at org.junit.jupiter.engine.execution.InterceptingExecutableInvoker.invoke(InterceptingExecutableInvoker.java:92)
	at org.junit.jupiter.engine.execution.InterceptingExecutableInvoker.invoke(InterceptingExecutableInvoker.java:86)
	at org.junit.jupiter.engine.descriptor.TestMethodTestDescriptor.lambda$invokeTestMethod$7(TestMethodTestDescriptor.java:217)
	at org.junit.platform.engine.support.hierarchical.ThrowableCollector.execute(ThrowableCollector.java:73)
	at org.junit.jupiter.engine.descriptor.TestMethodTestDescriptor.invokeTestMethod(TestMethodTestDescriptor.java:213)
	at org.junit.jupiter.engine.descriptor.TestMethodTestDescriptor.execute(TestMethodTestDescriptor.java:138)
	at org.junit.jupiter.engine.descriptor.TestMethodTestDescriptor.execute(TestMethodTestDescriptor.java:68)
	at org.junit.platform.engine.support.hierarchical.NodeTestTask.lambda$executeRecursively$6(NodeTestTask.java:151)
	at org.junit.platform.engine.support.hierarchical.ThrowableCollector.execute(ThrowableCollector.java:73)
	at org.junit.platform.engine.support.hierarchical.NodeTestTask.lambda$executeRecursively$8(NodeTestTask.java:141)
	at org.junit.platform.engine.support.hierarchical.Node.around(Node.java:137)
	at org.junit.platform.engine.support.hierarchical.NodeTestTask.lambda$executeRecursively$9(NodeTestTask.java:139)
	at org.junit.platform.engine.support.hierarchical.ThrowableCollector.execute(ThrowableCollector.java:73)
	at org.junit.platform.engine.support.hierarchical.NodeTestTask.executeRecursively(NodeTestTask.java:138)
	at org.junit.platform.engine.support.hierarchical.NodeTestTask.execute(NodeTestTask.java:95)
	at java.base/java.util.ArrayList.forEach(ArrayList.java:1540)
	at org.junit.platform.engine.support.hierarchical.SameThreadHierarchicalTestExecutorService.invokeAll(SameThreadHierarchicalTestExecutorService.java:41)
	at org.junit.platform.engine.support.hierarchical.NodeTestTask.lambda$executeRecursively$6(NodeTestTask.java:155)
	at org.junit.platform.engine.support.hierarchical.ThrowableCollector.execute(ThrowableCollector.java:73)
	at org.junit.platform.engine.support.hierarchical.NodeTestTask.lambda$executeRecursively$8(NodeTestTask.java:141)
	at org.junit.platform.engine.support.hierarchical.Node.around(Node.java:137)
	at org.junit.platform.engine.support.hierarchical.NodeTestTask.lambda$executeRecursively$9(NodeTestTask.java:139)
	at org.junit.platform.engine.support.hierarchical.ThrowableCollector.execute(ThrowableCollector.java:73)
	at org.junit.platform.engine.support.hierarchical.NodeTestTask.executeRecursively(NodeTestTask.java:138)
	at org.junit.platform.engine.support.hierarchical.NodeTestTask.execute(NodeTestTask.java:95)
	at java.base/java.util.ArrayList.forEach(ArrayList.java:1540)
	at org.junit.platform.engine.support.hierarchical.SameThreadHierarchicalTestExecutorService.invokeAll(SameThreadHierarchicalTestExecutorService.java:41)
	at org.junit.platform.engine.support.hierarchical.NodeTestTask.lambda$executeRecursively$6(NodeTestTask.java:155)
	at org.junit.platform.engine.support.hierarchical.ThrowableCollector.execute(ThrowableCollector.java:73)
	at org.junit.platform.engine.support.hierarchical.NodeTestTask.lambda$executeRecursively$8(NodeTestTask.java:141)
	at org.junit.platform.engine.support.hierarchical.Node.around(Node.java:137)
	at org.junit.platform.engine.support.hierarchical.NodeTestTask.lambda$executeRecursively$9(NodeTestTask.java:139)
	at org.junit.platform.engine.support.hierarchical.ThrowableCollector.execute(ThrowableCollector.java:73)
	at org.junit.platform.engine.support.hierarchical.NodeTestTask.executeRecursively(NodeTestTask.java:138)
	at org.junit.platform.engine.support.hierarchical.NodeTestTask.execute(NodeTestTask.java:95)
	at org.junit.platform.engine.support.hierarchical.SameThreadHierarchicalTestExecutorService.submit(SameThreadHierarchicalTestExecutorService.java:35)
	at org.junit.platform.engine.support.hierarchical.HierarchicalTestExecutor.execute(HierarchicalTestExecutor.java:57)
	at org.junit.platform.engine.support.hierarchical.HierarchicalTestEngine.execute(HierarchicalTestEngine.java:54)
	at org.junit.platform.launcher.core.EngineExecutionOrchestrator.execute(EngineExecutionOrchestrator.java:147)
	at org.junit.platform.launcher.core.EngineExecutionOrchestrator.execute(EngineExecutionOrchestrator.java:127)
	at org.junit.platform.launcher.core.EngineExecutionOrchestrator.execute(EngineExecutionOrchestrator.java:90)
	at org.junit.platform.launcher.core.EngineExecutionOrchestrator.lambda$execute$0(EngineExecutionOrchestrator.java:55)
	at org.junit.platform.launcher.core.EngineExecutionOrchestrator.withInterceptedStreams(EngineExecutionOrchestrator.java:102)
	at org.junit.platform.launcher.core.EngineExecutionOrchestrator.execute(EngineExecutionOrchestrator.java:54)
	at org.junit.platform.launcher.core.DefaultLauncher.execute(DefaultLauncher.java:114)
	at org.junit.platform.launcher.core.DefaultLauncher.execute(DefaultLauncher.java:86)
	at org.junit.platform.launcher.core.DefaultLauncherSession$DelegatingLauncher.execute(DefaultLauncherSession.java:86)
	at org.apache.maven.surefire.junitplatform.LazyLauncher.execute(LazyLauncher.java:55)
	at org.apache.maven.surefire.junitplatform.JUnitPlatformProvider.execute(JUnitPlatformProvider.java:223)
	at org.apache.maven.surefire.junitplatform.JUnitPlatformProvider.invokeAllTests(JUnitPlatformProvider.java:175)
	at org.apache.maven.surefire.junitplatform.JUnitPlatformProvider.invoke(JUnitPlatformProvider.java:139)
	at org.apache.maven.surefire.booter.ForkedBooter.runSuitesInProcess(ForkedBooter.java:456)
	at org.apache.maven.surefire.booter.ForkedBooter.execute(ForkedBooter.java:169)
	at org.apache.maven.surefire.booter.ForkedBooter.run(ForkedBooter.java:595)
	at org.apache.maven.surefire.booter.ForkedBooter.main(ForkedBooter.java:581)
]]></failure>
    <system-out><![CDATA[2022-09-19 15:54:29,245 INFO  [org.ago.qua.sta.BookResource] (executor-thread-0) Returns book information based on ID: 1
]]></system-out>
  </testcase>
</testsuite>